c:\users\tjsgh\desktop\dosgame\engine\intermediate\layer.obj
c:\users\tjsgh\desktop\dosgame\engine\intermediate\object_manager.obj
c:\users\tjsgh\desktop\dosgame\engine\intermediate\device.obj
c:\users\tjsgh\desktop\dosgame\engine\intermediate\transform.obj
c:\users\tjsgh\desktop\dosgame\engine\intermediate\collider.obj
c:\users\tjsgh\desktop\dosgame\engine\intermediate\timermgr.obj
c:\users\tjsgh\desktop\dosgame\engine\intermediate\input_manager.obj
c:\users\tjsgh\desktop\dosgame\engine\intermediate\renderer.obj
c:\users\tjsgh\desktop\dosgame\engine\intermediate\event_manager.obj
c:\users\tjsgh\desktop\dosgame\engine\intermediate\vector2.obj
c:\users\tjsgh\desktop\dosgame\engine\intermediate\collisionmgr.obj
c:\users\tjsgh\desktop\dosgame\engine\intermediate\gameobject.obj
c:\users\tjsgh\desktop\dosgame\engine\intermediate\levelmanager.obj
c:\users\tjsgh\desktop\dosgame\engine\intermediate\component.obj
c:\users\tjsgh\desktop\dosgame\engine\intermediate\screenbuffer.obj
c:\users\tjsgh\desktop\dosgame\engine\intermediate\gameinstance.obj
c:\users\tjsgh\desktop\dosgame\engine\intermediate\level.obj
c:\users\tjsgh\desktop\dosgame\engine\intermediate\vc143.pdb
c:\users\tjsgh\desktop\dosgame\engine\bin\engine.dll
c:\users\tjsgh\desktop\dosgame\engine\bin\engine.pdb
c:\users\tjsgh\desktop\dosgame\engine\bin\engine.lib
c:\users\tjsgh\desktop\dosgame\engine\bin\engine.exp
c:\users\tjsgh\desktop\dosgame\engine\intermediate\engine.ilk
c:\users\tjsgh\desktop\dosgame\engine\intermediate\engine.ipdb
c:\users\tjsgh\desktop\dosgame\engine\intermediate\engine.iobj
c:\users\tjsgh\desktop\dosgame\engine\intermediate\vc143.idb
c:\users\tjsgh\desktop\dosgame\engine\intermediate\..\bin\engine.pdb
c:\users\tjsgh\desktop\dosgame\engine\intermediate\..\intermediate\engine.vcxproj.filelistabsolute.txt
c:\users\tjsgh\desktop\dosgame\engine\intermediate\engine.tlog\cl.10348.write.1.tlog
c:\users\tjsgh\desktop\dosgame\engine\intermediate\engine.tlog\cl.command.1.tlog
c:\users\tjsgh\desktop\dosgame\engine\intermediate\engine.tlog\cl.items.tlog
c:\users\tjsgh\desktop\dosgame\engine\intermediate\engine.tlog\cl.read.1.tlog
c:\users\tjsgh\desktop\dosgame\engine\intermediate\engine.tlog\link.command.1.tlog
c:\users\tjsgh\desktop\dosgame\engine\intermediate\engine.tlog\link.read.1.tlog
c:\users\tjsgh\desktop\dosgame\engine\intermediate\engine.tlog\link.secondary.1.tlog
c:\users\tjsgh\desktop\dosgame\engine\intermediate\engine.tlog\link.write.1.tlog
