c:\users\tjsgh\desktop\dosgame\client\intermediate\main.obj
c:\users\tjsgh\desktop\dosgame\client\intermediate\level_logo.obj
c:\users\tjsgh\desktop\dosgame\client\intermediate\gamelogo.obj
c:\users\tjsgh\desktop\dosgame\client\intermediate\ground.obj
c:\users\tjsgh\desktop\dosgame\client\intermediate\end_ui.obj
c:\users\tjsgh\desktop\dosgame\client\intermediate\player.obj
c:\users\tjsgh\desktop\dosgame\client\intermediate\game_over.obj
c:\users\tjsgh\desktop\dosgame\client\intermediate\level_stage_1.obj
c:\users\tjsgh\desktop\dosgame\client\intermediate\tailplus_item.obj
c:\users\tjsgh\desktop\dosgame\client\intermediate\wall.obj
c:\users\tjsgh\desktop\dosgame\client\intermediate\playertail.obj
c:\users\tjsgh\desktop\dosgame\client\intermediate\start_ui.obj
c:\users\tjsgh\desktop\dosgame\client\intermediate\mainapp.obj
c:\users\tjsgh\desktop\dosgame\client\intermediate\monster_tower.obj
c:\users\tjsgh\desktop\dosgame\client\intermediate\tower_projectile.obj
c:\users\tjsgh\desktop\dosgame\client\intermediate\vc143.pdb
c:\users\tjsgh\desktop\dosgame\client\intermediate\vc143.idb
c:\users\tjsgh\desktop\dosgame\client\bin\client.exe
c:\users\tjsgh\desktop\dosgame\client\bin\client.pdb
c:\users\tjsgh\desktop\dosgame\client\intermediate\client.ilk
c:\users\tjsgh\desktop\dosgame\client\intermediate\..\bin\client.pdb
c:\users\tjsgh\desktop\dosgame\client\intermediate\..\intermediate\client.vcxproj.filelistabsolute.txt
c:\users\tjsgh\desktop\dosgame\client\intermediate\client.tlog\cl.command.1.tlog
c:\users\tjsgh\desktop\dosgame\client\intermediate\client.tlog\cl.items.tlog
c:\users\tjsgh\desktop\dosgame\client\intermediate\client.tlog\cl.read.1.tlog
c:\users\tjsgh\desktop\dosgame\client\intermediate\client.tlog\cl.write.1.tlog
c:\users\tjsgh\desktop\dosgame\client\intermediate\client.tlog\link.command.1.tlog
c:\users\tjsgh\desktop\dosgame\client\intermediate\client.tlog\link.read.1.tlog
c:\users\tjsgh\desktop\dosgame\client\intermediate\client.tlog\link.secondary.1.tlog
c:\users\tjsgh\desktop\dosgame\client\intermediate\client.tlog\link.write.1.tlog
